<?xml version="1.0" encoding="UTF-8"?>
<testsuite xmlns:xsi="http://www.w3.org/2001/XMLSchema-instance" xsi:noNamespaceSchemaLocation="https://maven.apache.org/surefire/maven-surefire-plugin/xsd/surefire-test-report-3.0.xsd" version="3.0" name="services.ToDoServiceTest" time="0.281" tests="6" errors="0" skipped="0" failures="0">
  <properties>
[...]
</properties>
  <testcase name="createTodoGreaterThan20" classname="services.ToDoServiceTest" time="0.001"/>
  <testcase name="getAllTodos" classname="services.ToDoServiceTest" time="0.015"/>
  <testcase name="completeTodo" classname="services.ToDoServiceTest" time="0.005">
    <system-out><![CDATA[Todo id: 1 has been completed
]]></system-out>
  </testcase>
  <testcase name="getOneTodo" classname="services.ToDoServiceTest" time="0"/>
  <testcase name="createTodoLessThanOrEqualTo20" classname="services.ToDoServiceTest" time="0"/>
  <testcase name="deleteTodo" classname="services.ToDoServiceTest" time="0.001"/>
</testsuite>